[2019-04-27 09:09:58] local.ERROR: SQLSTATE[42S02]: Base table or view not found: 1146 Table 'kidstories.oauth_clients' doesn't exist (SQL: insert into `oauth_clients` (`user_id`, `name`, `secret`, `redirect`, `personal_access_client`, `password_client`, `revoked`, `updated_at`, `created_at`) values (, Laravel Personal Access Client, VHFMDLKbuTUfNhzmdYGIigTzQgCGTP5zfaBmWxdp, http://localhost, 1, 0, 0, 2019-04-27 09:09:58, 2019-04-27 09:09:58)) {"exception":"[object] (Illuminate\\Database\\QueryException(code: 42S02): SQLSTATE[42S02]: Base table or view not found: 1146 Table 'kidstories.oauth_clients' doesn't exist (SQL: insert into `oauth_clients` (`user_id`, `name`, `secret`, `redirect`, `personal_access_client`, `password_client`, `revoked`, `updated_at`, `created_at`) values (, Laravel Personal Access Client, VHFMDLKbuTUfNhzmdYGIigTzQgCGTP5zfaBmWxdp, http://localhost, 1, 0, 0, 2019-04-27 09:09:58, 2019-04-27 09:09:58)) at /home/kelvin/HNG-5/CODE-TESTS/kidstories/vendor/laravel/framework/src/Illuminate/Database/Connection.php:664, PDOException(code: 42S02): SQLSTATE[42S02]: Base table or view not found: 1146 Table 'kidstories.oauth_clients' doesn't exist at /home/kelvin/HNG-5/CODE-TESTS/kidstories/vendor/laravel/framework/src/Illuminate/Database/Connection.php:452)
[stacktrace]
#0 /home/kelvin/HNG-5/CODE-TESTS/kidstories/vendor/laravel/framework/src/Illuminate/Database/Connection.php(624): Illuminate\\Database\\Connection->runQueryCallback('insert into `oa...', Array, Object(Closure))
#1 /home/kelvin/HNG-5/CODE-TESTS/kidstories/vendor/laravel/framework/src/Illuminate/Database/Connection.php(459): Illuminate\\Database\\Connection->run('insert into `oa...', Array, Object(Closure))
#2 /home/kelvin/HNG-5/CODE-TESTS/kidstories/vendor/laravel/framework/src/Illuminate/Database/Connection.php(411): Illuminate\\Database\\Connection->statement('insert into `oa...', Array)
#3 /home/kelvin/HNG-5/CODE-TESTS/kidstories/vendor/laravel/framework/src/Illuminate/Database/Query/Processors/Processor.php(32): Illuminate\\Database\\Connection->insert('insert into `oa...', Array)
#4 /home/kelvin/HNG-5/CODE-TESTS/kidstories/vendor/laravel/framework/src/Illuminate/Database/Query/Builder.php(2657): Illuminate\\Database\\Query\\Processors\\Processor->processInsertGetId(Object(Illuminate\\Database\\Query\\Builder), 'insert into `oa...', Array, 'id')
#5 /home/kelvin/HNG-5/CODE-TESTS/kidstories/vendor/laravel/framework/src/Illuminate/Database/Eloquent/Builder.php(1347): Illuminate\\Database\\Query\\Builder->insertGetId(Array, 'id')
#6 /home/kelvin/HNG-5/CODE-TESTS/kidstories/vendor/laravel/framework/src/Illuminate/Database/Eloquent/Model.php(835): Illuminate\\Database\\Eloquent\\Builder->__call('insertGetId', Array)
#7 /home/kelvin/HNG-5/CODE-TESTS/kidstories/vendor/laravel/framework/src/Illuminate/Database/Eloquent/Model.php(800): Illuminate\\Database\\Eloquent\\Model->insertAndSetId(Object(Illuminate\\Database\\Eloquent\\Builder), Array)
#8 /home/kelvin/HNG-5/CODE-TESTS/kidstories/vendor/laravel/framework/src/Illuminate/Database/Eloquent/Model.php(663): Illuminate\\Database\\Eloquent\\Model->performInsert(Object(Illuminate\\Database\\Eloquent\\Builder))
#9 /home/kelvin/HNG-5/CODE-TESTS/kidstories/vendor/laravel/passport/src/ClientRepository.php(123): Illuminate\\Database\\Eloquent\\Model->save()
#10 /home/kelvin/HNG-5/CODE-TESTS/kidstories/vendor/laravel/passport/src/ClientRepository.php(138): Laravel\\Passport\\ClientRepository->create(NULL, 'Laravel Persona...', 'http://localhos...', true)
#11 /home/kelvin/HNG-5/CODE-TESTS/kidstories/vendor/laravel/passport/src/Console/ClientCommand.php(64): Laravel\\Passport\\ClientRepository->createPersonalAccessClient(NULL, 'Laravel Persona...', 'http://localhos...')
#12 /home/kelvin/HNG-5/CODE-TESTS/kidstories/vendor/laravel/passport/src/Console/ClientCommand.php(40): Laravel\\Passport\\Console\\ClientCommand->createPersonalClient(Object(Laravel\\Passport\\ClientRepository))
#13 [internal function]: Laravel\\Passport\\Console\\ClientCommand->handle(Object(Laravel\\Passport\\ClientRepository))
#14 /home/kelvin/HNG-5/CODE-TESTS/kidstories/vendor/laravel/framework/src/Illuminate/Container/BoundMethod.php(32): call_user_func_array(Array, Array)
#15 /home/kelvin/HNG-5/CODE-TESTS/kidstories/vendor/laravel/framework/src/Illuminate/Container/BoundMethod.php(90): Illuminate\\Container\\BoundMethod::Illuminate\\Container\\{closure}()
#16 /home/kelvin/HNG-5/CODE-TESTS/kidstories/vendor/laravel/framework/src/Illuminate/Container/BoundMethod.php(34): Illuminate\\Container\\BoundMethod::callBoundMethod(Object(Illuminate\\Foundation\\Application), Array, Object(Closure))
#17 /home/kelvin/HNG-5/CODE-TESTS/kidstories/vendor/laravel/framework/src/Illuminate/Container/Container.php(576): Illuminate\\Container\\BoundMethod::call(Object(Illuminate\\Foundation\\Application), Array, Array, NULL)
#18 /home/kelvin/HNG-5/CODE-TESTS/kidstories/vendor/laravel/framework/src/Illuminate/Console/Command.php(183): Illuminate\\Container\\Container->call(Array)
#19 /home/kelvin/HNG-5/CODE-TESTS/kidstories/vendor/symfony/console/Command/Command.php(255): Illuminate\\Console\\Command->execute(Object(Symfony\\Component\\Console\\Input\\ArrayInput), Object(Illuminate\\Console\\OutputStyle))
#20 /home/kelvin/HNG-5/CODE-TESTS/kidstories/vendor/laravel/framework/src/Illuminate/Console/Command.php(170): Symfony\\Component\\Console\\Command\\Command->run(Object(Symfony\\Component\\Console\\Input\\ArrayInput), Object(Illuminate\\Console\\OutputStyle))
#21 /home/kelvin/HNG-5/CODE-TESTS/kidstories/vendor/laravel/framework/src/Illuminate/Console/Command.php(198): Illuminate\\Console\\Command->run(Object(Symfony\\Component\\Console\\Input\\ArrayInput), Object(Illuminate\\Console\\OutputStyle))
#22 /home/kelvin/HNG-5/CODE-TESTS/kidstories/vendor/laravel/passport/src/Console/InstallCommand.php(33): Illuminate\\Console\\Command->call('passport:client', Array)
#23 [internal function]: Laravel\\Passport\\Console\\InstallCommand->handle()
#24 /home/kelvin/HNG-5/CODE-TESTS/kidstories/vendor/laravel/framework/src/Illuminate/Container/BoundMethod.php(32): call_user_func_array(Array, Array)
#25 /home/kelvin/HNG-5/CODE-TESTS/kidstories/vendor/laravel/framework/src/Illuminate/Container/BoundMethod.php(90): Illuminate\\Container\\BoundMethod::Illuminate\\Container\\{closure}()
#26 /home/kelvin/HNG-5/CODE-TESTS/kidstories/vendor/laravel/framework/src/Illuminate/Container/BoundMethod.php(34): Illuminate\\Container\\BoundMethod::callBoundMethod(Object(Illuminate\\Foundation\\Application), Array, Object(Closure))
#27 /home/kelvin/HNG-5/CODE-TESTS/kidstories/vendor/laravel/framework/src/Illuminate/Container/Container.php(576): Illuminate\\Container\\BoundMethod::call(Object(Illuminate\\Foundation\\Application), Array, Array, NULL)
#28 /home/kelvin/HNG-5/CODE-TESTS/kidstories/vendor/laravel/framework/src/Illuminate/Console/Command.php(183): Illuminate\\Container\\Container->call(Array)
#29 /home/kelvin/HNG-5/CODE-TESTS/kidstories/vendor/symfony/console/Command/Command.php(255): Illuminate\\Console\\Command->execute(Object(Symfony\\Component\\Console\\Input\\ArgvInput), Object(Illuminate\\Console\\OutputStyle))
#30 /home/kelvin/HNG-5/CODE-TESTS/kidstories/vendor/laravel/framework/src/Illuminate/Console/Command.php(170): Symfony\\Component\\Console\\Command\\Command->run(Object(Symfony\\Component\\Console\\Input\\ArgvInput), Object(Illuminate\\Console\\OutputStyle))
#31 /home/kelvin/HNG-5/CODE-TESTS/kidstories/vendor/symfony/console/Application.php(908): Illuminate\\Console\\Command->run(Object(Symfony\\Component\\Console\\Input\\ArgvInput), Object(Symfony\\Component\\Console\\Output\\ConsoleOutput))
#32 /home/kelvin/HNG-5/CODE-TESTS/kidstories/vendor/symfony/console/Application.php(269): Symfony\\Component\\Console\\Application->doRunCommand(Object(Laravel\\Passport\\Console\\InstallCommand), Object(Symfony\\Component\\Console\\Input\\ArgvInput), Object(Symfony\\Component\\Console\\Output\\ConsoleOutput))
#33 /home/kelvin/HNG-5/CODE-TESTS/kidstories/vendor/symfony/console/Application.php(145): Symfony\\Component\\Console\\Application->doRun(Object(Symfony\\Component\\Console\\Input\\ArgvInput), Object(Symfony\\Component\\Console\\Output\\ConsoleOutput))
#34 /home/kelvin/HNG-5/CODE-TESTS/kidstories/vendor/laravel/framework/src/Illuminate/Console/Application.php(90): Symfony\\Component\\Console\\Application->run(Object(Symfony\\Component\\Console\\Input\\ArgvInput), Object(Symfony\\Component\\Console\\Output\\ConsoleOutput))
#35 /home/kelvin/HNG-5/CODE-TESTS/kidstories/vendor/laravel/framework/src/Illuminate/Foundation/Console/Kernel.php(122): Illuminate\\Console\\Application->run(Object(Symfony\\Component\\Console\\Input\\ArgvInput), Object(Symfony\\Component\\Console\\Output\\ConsoleOutput))
#36 /home/kelvin/HNG-5/CODE-TESTS/kidstories/artisan(37): Illuminate\\Foundation\\Console\\Kernel->handle(Object(Symfony\\Component\\Console\\Input\\ArgvInput), Object(Symfony\\Component\\Console\\Output\\ConsoleOutput))
#37 {main}
"} 
[2019-04-27 09:10:50] local.ERROR: No application encryption key has been specified. {"exception":"[object] (RuntimeException(code: 0): No application encryption key has been specified. at /home/kelvin/HNG-5/CODE-TESTS/kidstories/vendor/laravel/framework/src/Illuminate/Encryption/EncryptionServiceProvider.php:44)
[stacktrace]
#0 /home/kelvin/HNG-5/CODE-TESTS/kidstories/vendor/laravel/framework/src/Illuminate/Support/helpers.php(1123): Illuminate\\Encryption\\EncryptionServiceProvider->Illuminate\\Encryption\\{closure}('')
#1 /home/kelvin/HNG-5/CODE-TESTS/kidstories/vendor/laravel/framework/src/Illuminate/Encryption/EncryptionServiceProvider.php(48): tap('', Object(Closure))
#2 /home/kelvin/HNG-5/CODE-TESTS/kidstories/vendor/laravel/framework/src/Illuminate/Encryption/EncryptionServiceProvider.php(24): Illuminate\\Encryption\\EncryptionServiceProvider->key(Array)
#3 /home/kelvin/HNG-5/CODE-TESTS/kidstories/vendor/laravel/framework/src/Illuminate/Container/Container.php(787): Illuminate\\Encryption\\EncryptionServiceProvider->Illuminate\\Encryption\\{closure}(Object(Illuminate\\Foundation\\Application), Array)
#4 /home/kelvin/HNG-5/CODE-TESTS/kidstories/vendor/laravel/framework/src/Illuminate/Container/Container.php(667): Illuminate\\Container\\Container->build(Object(Closure))
#5 /home/kelvin/HNG-5/CODE-TESTS/kidstories/vendor/laravel/framework/src/Illuminate/Container/Container.php(615): Illuminate\\Container\\Container->resolve('encrypter', Array)
#6 /home/kelvin/HNG-5/CODE-TESTS/kidstories/vendor/laravel/framework/src/Illuminate/Foundation/Application.php(757): Illuminate\\Container\\Container->make('encrypter', Array)
#7 /home/kelvin/HNG-5/CODE-TESTS/kidstories/vendor/laravel/framework/src/Illuminate/Container/Container.php(925): Illuminate\\Foundation\\Application->make('encrypter')
#8 /home/kelvin/HNG-5/CODE-TESTS/kidstories/vendor/laravel/framework/src/Illuminate/Container/Container.php(853): Illuminate\\Container\\Container->resolveClass(Object(ReflectionParameter))
#9 /home/kelvin/HNG-5/CODE-TESTS/kidstories/vendor/laravel/framework/src/Illuminate/Container/Container.php(818): Illuminate\\Container\\Container->resolveDependencies(Array)
#10 /home/kelvin/HNG-5/CODE-TESTS/kidstories/vendor/laravel/framework/src/Illuminate/Container/Container.php(667): Illuminate\\Container\\Container->build('App\\\\Http\\\\Middle...')
#11 /home/kelvin/HNG-5/CODE-TESTS/kidstories/vendor/laravel/framework/src/Illuminate/Container/Container.php(615): Illuminate\\Container\\Container->resolve('App\\\\Http\\\\Middle...', Array)
#12 /home/kelvin/HNG-5/CODE-TESTS/kidstories/vendor/laravel/framework/src/Illuminate/Foundation/Application.php(757): Illuminate\\Container\\Container->make('App\\\\Http\\\\Middle...', Array)
#13 /home/kelvin/HNG-5/CODE-TESTS/kidstories/vendor/laravel/framework/src/Illuminate/Pipeline/Pipeline.php(152): Illuminate\\Foundation\\Application->make('App\\\\Http\\\\Middle...')
#14 /home/kelvin/HNG-5/CODE-TESTS/kidstories/vendor/laravel/framework/src/Illuminate/Routing/Pipeline.php(53): Illuminate\\Pipeline\\Pipeline->Illuminate\\Pipeline\\{closure}(Object(Illuminate\\Http\\Request))
#15 /home/kelvin/HNG-5/CODE-TESTS/kidstories/vendor/laravel/framework/src/Illuminate/Pipeline/Pipeline.php(104): Illuminate\\Routing\\Pipeline->Illuminate\\Routing\\{closure}(Object(Illuminate\\Http\\Request))
#16 /home/kelvin/HNG-5/CODE-TESTS/kidstories/vendor/laravel/framework/src/Illuminate/Routing/Router.php(682): Illuminate\\Pipeline\\Pipeline->then(Object(Closure))
#17 /home/kelvin/HNG-5/CODE-TESTS/kidstories/vendor/laravel/framework/src/Illuminate/Routing/Router.php(657): Illuminate\\Routing\\Router->runRouteWithinStack(Object(Illuminate\\Routing\\Route), Object(Illuminate\\Http\\Request))
#18 /home/kelvin/HNG-5/CODE-TESTS/kidstories/vendor/laravel/framework/src/Illuminate/Routing/Router.php(623): Illuminate\\Routing\\Router->runRoute(Object(Illuminate\\Http\\Request), Object(Illuminate\\Routing\\Route))
#19 /home/kelvin/HNG-5/CODE-TESTS/kidstories/vendor/laravel/framework/src/Illuminate/Routing/Router.php(612): Illuminate\\Routing\\Router->dispatchToRoute(Object(Illuminate\\Http\\Request))
#20 /home/kelvin/HNG-5/CODE-TESTS/kidstories/vendor/laravel/framework/src/Illuminate/Foundation/Http/Kernel.php(176): Illuminate\\Routing\\Router->dispatch(Object(Illuminate\\Http\\Request))
#21 /home/kelvin/HNG-5/CODE-TESTS/kidstories/vendor/laravel/framework/src/Illuminate/Routing/Pipeline.php(30): Illuminate\\Foundation\\Http\\Kernel->Illuminate\\Foundation\\Http\\{closure}(Object(Illuminate\\Http\\Request))
#22 /home/kelvin/HNG-5/CODE-TESTS/kidstories/vendor/fideloper/proxy/src/TrustProxies.php(57): Illuminate\\Routing\\Pipeline->Illuminate\\Routing\\{closure}(Object(Illuminate\\Http\\Request))
#23 /home/kelvin/HNG-5/CODE-TESTS/kidstories/vendor/laravel/framework/src/Illuminate/Pipeline/Pipeline.php(163): Fideloper\\Proxy\\TrustProxies->handle(Object(Illuminate\\Http\\Request), Object(Closure))
#24 /home/kelvin/HNG-5/CODE-TESTS/kidstories/vendor/laravel/framework/src/Illuminate/Routing/Pipeline.php(53): Illuminate\\Pipeline\\Pipeline->Illuminate\\Pipeline\\{closure}(Object(Illuminate\\Http\\Request))
#25 /home/kelvin/HNG-5/CODE-TESTS/kidstories/vendor/laravel/framework/src/Illuminate/Foundation/Http/Middleware/TransformsRequest.php(21): Illuminate\\Routing\\Pipeline->Illuminate\\Routing\\{closure}(Object(Illuminate\\Http\\Request))
#26 /home/kelvin/HNG-5/CODE-TESTS/kidstories/vendor/laravel/framework/src/Illuminate/Pipeline/Pipeline.php(163): Illuminate\\Foundation\\Http\\Middleware\\TransformsRequest->handle(Object(Illuminate\\Http\\Request), Object(Closure))
#27 /home/kelvin/HNG-5/CODE-TESTS/kidstories/vendor/laravel/framework/src/Illuminate/Routing/Pipeline.php(53): Illuminate\\Pipeline\\Pipeline->Illuminate\\Pipeline\\{closure}(Object(Illuminate\\Http\\Request))
#28 /home/kelvin/HNG-5/CODE-TESTS/kidstories/vendor/laravel/framework/src/Illuminate/Foundation/Http/Middleware/TransformsRequest.php(21): Illuminate\\Routing\\Pipeline->Illuminate\\Routing\\{closure}(Object(Illuminate\\Http\\Request))
#29 /home/kelvin/HNG-5/CODE-TESTS/kidstories/vendor/laravel/framework/src/Illuminate/Pipeline/Pipeline.php(163): Illuminate\\Foundation\\Http\\Middleware\\TransformsRequest->handle(Object(Illuminate\\Http\\Request), Object(Closure))
#30 /home/kelvin/HNG-5/CODE-TESTS/kidstories/vendor/laravel/framework/src/Illuminate/Routing/Pipeline.php(53): Illuminate\\Pipeline\\Pipeline->Illuminate\\Pipeline\\{closure}(Object(Illuminate\\Http\\Request))
#31 /home/kelvin/HNG-5/CODE-TESTS/kidstories/vendor/laravel/framework/src/Illuminate/Foundation/Http/Middleware/ValidatePostSize.php(27): Illuminate\\Routing\\Pipeline->Illuminate\\Routing\\{closure}(Object(Illuminate\\Http\\Request))
#32 /home/kelvin/HNG-5/CODE-TESTS/kidstories/vendor/laravel/framework/src/Illuminate/Pipeline/Pipeline.php(163): Illuminate\\Foundation\\Http\\Middleware\\ValidatePostSize->handle(Object(Illuminate\\Http\\Request), Object(Closure))
#33 /home/kelvin/HNG-5/CODE-TESTS/kidstories/vendor/laravel/framework/src/Illuminate/Routing/Pipeline.php(53): Illuminate\\Pipeline\\Pipeline->Illuminate\\Pipeline\\{closure}(Object(Illuminate\\Http\\Request))
#34 /home/kelvin/HNG-5/CODE-TESTS/kidstories/vendor/laravel/framework/src/Illuminate/Foundation/Http/Middleware/CheckForMaintenanceMode.php(62): Illuminate\\Routing\\Pipeline->Illuminate\\Routing\\{closure}(Object(Illuminate\\Http\\Request))
#35 /home/kelvin/HNG-5/CODE-TESTS/kidstories/vendor/laravel/framework/src/Illuminate/Pipeline/Pipeline.php(163): Illuminate\\Foundation\\Http\\Middleware\\CheckForMaintenanceMode->handle(Object(Illuminate\\Http\\Request), Object(Closure))
#36 /home/kelvin/HNG-5/CODE-TESTS/kidstories/vendor/laravel/framework/src/Illuminate/Routing/Pipeline.php(53): Illuminate\\Pipeline\\Pipeline->Illuminate\\Pipeline\\{closure}(Object(Illuminate\\Http\\Request))
#37 /home/kelvin/HNG-5/CODE-TESTS/kidstories/vendor/barryvdh/laravel-cors/src/HandlePreflight.php(29): Illuminate\\Routing\\Pipeline->Illuminate\\Routing\\{closure}(Object(Illuminate\\Http\\Request))
#38 /home/kelvin/HNG-5/CODE-TESTS/kidstories/vendor/laravel/framework/src/Illuminate/Pipeline/Pipeline.php(163): Barryvdh\\Cors\\HandlePreflight->handle(Object(Illuminate\\Http\\Request), Object(Closure))
#39 /home/kelvin/HNG-5/CODE-TESTS/kidstories/vendor/laravel/framework/src/Illuminate/Routing/Pipeline.php(53): Illuminate\\Pipeline\\Pipeline->Illuminate\\Pipeline\\{closure}(Object(Illuminate\\Http\\Request))
#40 /home/kelvin/HNG-5/CODE-TESTS/kidstories/vendor/laravel/framework/src/Illuminate/Pipeline/Pipeline.php(104): Illuminate\\Routing\\Pipeline->Illuminate\\Routing\\{closure}(Object(Illuminate\\Http\\Request))
#41 /home/kelvin/HNG-5/CODE-TESTS/kidstories/vendor/laravel/framework/src/Illuminate/Foundation/Http/Kernel.php(151): Illuminate\\Pipeline\\Pipeline->then(Object(Closure))
#42 /home/kelvin/HNG-5/CODE-TESTS/kidstories/vendor/laravel/framework/src/Illuminate/Foundation/Http/Kernel.php(116): Illuminate\\Foundation\\Http\\Kernel->sendRequestThroughRouter(Object(Illuminate\\Http\\Request))
#43 /home/kelvin/HNG-5/CODE-TESTS/kidstories/public/index.php(55): Illuminate\\Foundation\\Http\\Kernel->handle(Object(Illuminate\\Http\\Request))
#44 /home/kelvin/HNG-5/CODE-TESTS/kidstories/server.php(21): require_once('/home/kelvin/HN...')
#45 {main}
"} 
[2019-04-27 09:10:50] local.ERROR: No application encryption key has been specified. {"exception":"[object] (RuntimeException(code: 0): No application encryption key has been specified. at /home/kelvin/HNG-5/CODE-TESTS/kidstories/vendor/laravel/framework/src/Illuminate/Encryption/EncryptionServiceProvider.php:44)
[stacktrace]
#0 /home/kelvin/HNG-5/CODE-TESTS/kidstories/vendor/laravel/framework/src/Illuminate/Support/helpers.php(1123): Illuminate\\Encryption\\EncryptionServiceProvider->Illuminate\\Encryption\\{closure}('')
#1 /home/kelvin/HNG-5/CODE-TESTS/kidstories/vendor/laravel/framework/src/Illuminate/Encryption/EncryptionServiceProvider.php(48): tap('', Object(Closure))
#2 /home/kelvin/HNG-5/CODE-TESTS/kidstories/vendor/laravel/framework/src/Illuminate/Encryption/EncryptionServiceProvider.php(24): Illuminate\\Encryption\\EncryptionServiceProvider->key(Array)
#3 /home/kelvin/HNG-5/CODE-TESTS/kidstories/vendor/laravel/framework/src/Illuminate/Container/Container.php(787): Illuminate\\Encryption\\EncryptionServiceProvider->Illuminate\\Encryption\\{closure}(Object(Illuminate\\Foundation\\Application), Array)
#4 /home/kelvin/HNG-5/CODE-TESTS/kidstories/vendor/laravel/framework/src/Illuminate/Container/Container.php(667): Illuminate\\Container\\Container->build(Object(Closure))
#5 /home/kelvin/HNG-5/CODE-TESTS/kidstories/vendor/laravel/framework/src/Illuminate/Container/Container.php(615): Illuminate\\Container\\Container->resolve('encrypter', Array)
#6 /home/kelvin/HNG-5/CODE-TESTS/kidstories/vendor/laravel/framework/src/Illuminate/Foundation/Application.php(757): Illuminate\\Container\\Container->make('encrypter', Array)
#7 /home/kelvin/HNG-5/CODE-TESTS/kidstories/vendor/laravel/framework/src/Illuminate/Container/Container.php(925): Illuminate\\Foundation\\Application->make('encrypter')
#8 /home/kelvin/HNG-5/CODE-TESTS/kidstories/vendor/laravel/framework/src/Illuminate/Container/Container.php(853): Illuminate\\Container\\Container->resolveClass(Object(ReflectionParameter))
#9 /home/kelvin/HNG-5/CODE-TESTS/kidstories/vendor/laravel/framework/src/Illuminate/Container/Container.php(818): Illuminate\\Container\\Container->resolveDependencies(Array)
#10 /home/kelvin/HNG-5/CODE-TESTS/kidstories/vendor/laravel/framework/src/Illuminate/Container/Container.php(667): Illuminate\\Container\\Container->build('App\\\\Http\\\\Middle...')
#11 /home/kelvin/HNG-5/CODE-TESTS/kidstories/vendor/laravel/framework/src/Illuminate/Container/Container.php(615): Illuminate\\Container\\Container->resolve('App\\\\Http\\\\Middle...', Array)
#12 /home/kelvin/HNG-5/CODE-TESTS/kidstories/vendor/laravel/framework/src/Illuminate/Foundation/Application.php(757): Illuminate\\Container\\Container->make('App\\\\Http\\\\Middle...', Array)
#13 /home/kelvin/HNG-5/CODE-TESTS/kidstories/vendor/laravel/framework/src/Illuminate/Foundation/Http/Kernel.php(215): Illuminate\\Foundation\\Application->make('App\\\\Http\\\\Middle...')
#14 /home/kelvin/HNG-5/CODE-TESTS/kidstories/vendor/laravel/framework/src/Illuminate/Foundation/Http/Kernel.php(189): Illuminate\\Foundation\\Http\\Kernel->terminateMiddleware(Object(Illuminate\\Http\\Request), Object(Illuminate\\Http\\Response))
#15 /home/kelvin/HNG-5/CODE-TESTS/kidstories/public/index.php(60): Illuminate\\Foundation\\Http\\Kernel->terminate(Object(Illuminate\\Http\\Request), Object(Illuminate\\Http\\Response))
#16 /home/kelvin/HNG-5/CODE-TESTS/kidstories/server.php(21): require_once('/home/kelvin/HN...')
#17 {main}
"} 
[2019-04-27 09:16:45] local.ERROR: syntax error, unexpected 'Route' (T_STRING) {"exception":"[object] (Symfony\\Component\\Debug\\Exception\\FatalThrowableError(code: 0): syntax error, unexpected 'Route' (T_STRING) at /home/kelvin/HNG-5/CODE-TESTS/kidstories/routes/api.php:10)
[stacktrace]
#0 /home/kelvin/HNG-5/CODE-TESTS/kidstories/vendor/laravel/framework/src/Illuminate/Routing/Router.php(415): Illuminate\\Routing\\RouteFileRegistrar->register('/home/kelvin/HN...')
#1 /home/kelvin/HNG-5/CODE-TESTS/kidstories/vendor/laravel/framework/src/Illuminate/Routing/Router.php(373): Illuminate\\Routing\\Router->loadRoutes('/home/kelvin/HN...')
#2 /home/kelvin/HNG-5/CODE-TESTS/kidstories/vendor/laravel/framework/src/Illuminate/Routing/RouteRegistrar.php(121): Illuminate\\Routing\\Router->group(Array, '/home/kelvin/HN...')
#3 /home/kelvin/HNG-5/CODE-TESTS/kidstories/app/Providers/RouteServiceProvider.php(82): Illuminate\\Routing\\RouteRegistrar->group('/home/kelvin/HN...')
#4 /home/kelvin/HNG-5/CODE-TESTS/kidstories/app/Providers/RouteServiceProvider.php(49): App\\Providers\\RouteServiceProvider->mapApiRoutes()
#5 [internal function]: App\\Providers\\RouteServiceProvider->map()
#6 /home/kelvin/HNG-5/CODE-TESTS/kidstories/vendor/laravel/framework/src/Illuminate/Container/BoundMethod.php(32): call_user_func_array(Array, Array)
#7 /home/kelvin/HNG-5/CODE-TESTS/kidstories/vendor/laravel/framework/src/Illuminate/Container/BoundMethod.php(90): Illuminate\\Container\\BoundMethod::Illuminate\\Container\\{closure}()
#8 /home/kelvin/HNG-5/CODE-TESTS/kidstories/vendor/laravel/framework/src/Illuminate/Container/BoundMethod.php(34): Illuminate\\Container\\BoundMethod::callBoundMethod(Object(Illuminate\\Foundation\\Application), Array, Object(Closure))
#9 /home/kelvin/HNG-5/CODE-TESTS/kidstories/vendor/laravel/framework/src/Illuminate/Container/Container.php(576): Illuminate\\Container\\BoundMethod::call(Object(Illuminate\\Foundation\\Application), Array, Array, NULL)
#10 /home/kelvin/HNG-5/CODE-TESTS/kidstories/vendor/laravel/framework/src/Illuminate/Foundation/Support/Providers/RouteServiceProvider.php(87): Illuminate\\Container\\Container->call(Array)
#11 /home/kelvin/HNG-5/CODE-TESTS/kidstories/vendor/laravel/framework/src/Illuminate/Foundation/Support/Providers/RouteServiceProvider.php(36): Illuminate\\Foundation\\Support\\Providers\\RouteServiceProvider->loadRoutes()
#12 /home/kelvin/HNG-5/CODE-TESTS/kidstories/app/Providers/RouteServiceProvider.php(39): Illuminate\\Foundation\\Support\\Providers\\RouteServiceProvider->boot()
#13 [internal function]: App\\Providers\\RouteServiceProvider->boot()
#14 /home/kelvin/HNG-5/CODE-TESTS/kidstories/vendor/laravel/framework/src/Illuminate/Container/BoundMethod.php(32): call_user_func_array(Array, Array)
#15 /home/kelvin/HNG-5/CODE-TESTS/kidstories/vendor/laravel/framework/src/Illuminate/Container/BoundMethod.php(90): Illuminate\\Container\\BoundMethod::Illuminate\\Container\\{closure}()
#16 /home/kelvin/HNG-5/CODE-TESTS/kidstories/vendor/laravel/framework/src/Illuminate/Container/BoundMethod.php(34): Illuminate\\Container\\BoundMethod::callBoundMethod(Object(Illuminate\\Foundation\\Application), Array, Object(Closure))
#17 /home/kelvin/HNG-5/CODE-TESTS/kidstories/vendor/laravel/framework/src/Illuminate/Container/Container.php(576): Illuminate\\Container\\BoundMethod::call(Object(Illuminate\\Foundation\\Application), Array, Array, NULL)
#18 /home/kelvin/HNG-5/CODE-TESTS/kidstories/vendor/laravel/framework/src/Illuminate/Foundation/Application.php(817): Illuminate\\Container\\Container->call(Array)
#19 /home/kelvin/HNG-5/CODE-TESTS/kidstories/vendor/laravel/framework/src/Illuminate/Foundation/Application.php(800): Illuminate\\Foundation\\Application->bootProvider(Object(App\\Providers\\RouteServiceProvider))
#20 [internal function]: Illuminate\\Foundation\\Application->Illuminate\\Foundation\\{closure}(Object(App\\Providers\\RouteServiceProvider), 22)
#21 /home/kelvin/HNG-5/CODE-TESTS/kidstories/vendor/laravel/framework/src/Illuminate/Foundation/Application.php(801): array_walk(Array, Object(Closure))
#22 /home/kelvin/HNG-5/CODE-TESTS/kidstories/vendor/laravel/framework/src/Illuminate/Foundation/Bootstrap/BootProviders.php(17): Illuminate\\Foundation\\Application->boot()
#23 /home/kelvin/HNG-5/CODE-TESTS/kidstories/vendor/laravel/framework/src/Illuminate/Foundation/Application.php(210): Illuminate\\Foundation\\Bootstrap\\BootProviders->bootstrap(Object(Illuminate\\Foundation\\Application))
#24 /home/kelvin/HNG-5/CODE-TESTS/kidstories/vendor/laravel/framework/src/Illuminate/Foundation/Http/Kernel.php(162): Illuminate\\Foundation\\Application->bootstrapWith(Array)
#25 /home/kelvin/HNG-5/CODE-TESTS/kidstories/vendor/laravel/framework/src/Illuminate/Foundation/Http/Kernel.php(146): Illuminate\\Foundation\\Http\\Kernel->bootstrap()
#26 /home/kelvin/HNG-5/CODE-TESTS/kidstories/vendor/laravel/framework/src/Illuminate/Foundation/Http/Kernel.php(116): Illuminate\\Foundation\\Http\\Kernel->sendRequestThroughRouter(Object(Illuminate\\Http\\Request))
#27 /home/kelvin/HNG-5/CODE-TESTS/kidstories/public/index.php(55): Illuminate\\Foundation\\Http\\Kernel->handle(Object(Illuminate\\Http\\Request))
#28 /home/kelvin/HNG-5/CODE-TESTS/kidstories/server.php(21): require_once('/home/kelvin/HN...')
#29 {main}
"} 
[2019-04-27 09:16:45] local.ERROR: syntax error, unexpected 'Route' (T_STRING) {"exception":"[object] (Symfony\\Component\\Debug\\Exception\\FatalThrowableError(code: 0): syntax error, unexpected 'Route' (T_STRING) at /home/kelvin/HNG-5/CODE-TESTS/kidstories/routes/api.php:10)
[stacktrace]
#0 /home/kelvin/HNG-5/CODE-TESTS/kidstories/vendor/laravel/framework/src/Illuminate/Routing/Router.php(415): Illuminate\\Routing\\RouteFileRegistrar->register('/home/kelvin/HN...')
#1 /home/kelvin/HNG-5/CODE-TESTS/kidstories/vendor/laravel/framework/src/Illuminate/Routing/Router.php(373): Illuminate\\Routing\\Router->loadRoutes('/home/kelvin/HN...')
#2 /home/kelvin/HNG-5/CODE-TESTS/kidstories/vendor/laravel/framework/src/Illuminate/Routing/RouteRegistrar.php(121): Illuminate\\Routing\\Router->group(Array, '/home/kelvin/HN...')
#3 /home/kelvin/HNG-5/CODE-TESTS/kidstories/app/Providers/RouteServiceProvider.php(82): Illuminate\\Routing\\RouteRegistrar->group('/home/kelvin/HN...')
#4 /home/kelvin/HNG-5/CODE-TESTS/kidstories/app/Providers/RouteServiceProvider.php(49): App\\Providers\\RouteServiceProvider->mapApiRoutes()
#5 [internal function]: App\\Providers\\RouteServiceProvider->map()
#6 /home/kelvin/HNG-5/CODE-TESTS/kidstories/vendor/laravel/framework/src/Illuminate/Container/BoundMethod.php(32): call_user_func_array(Array, Array)
#7 /home/kelvin/HNG-5/CODE-TESTS/kidstories/vendor/laravel/framework/src/Illuminate/Container/BoundMethod.php(90): Illuminate\\Container\\BoundMethod::Illuminate\\Container\\{closure}()
#8 /home/kelvin/HNG-5/CODE-TESTS/kidstories/vendor/laravel/framework/src/Illuminate/Container/BoundMethod.php(34): Illuminate\\Container\\BoundMethod::callBoundMethod(Object(Illuminate\\Foundation\\Application), Array, Object(Closure))
#9 /home/kelvin/HNG-5/CODE-TESTS/kidstories/vendor/laravel/framework/src/Illuminate/Container/Container.php(576): Illuminate\\Container\\BoundMethod::call(Object(Illuminate\\Foundation\\Application), Array, Array, NULL)
#10 /home/kelvin/HNG-5/CODE-TESTS/kidstories/vendor/laravel/framework/src/Illuminate/Foundation/Support/Providers/RouteServiceProvider.php(87): Illuminate\\Container\\Container->call(Array)
#11 /home/kelvin/HNG-5/CODE-TESTS/kidstories/vendor/laravel/framework/src/Illuminate/Foundation/Support/Providers/RouteServiceProvider.php(36): Illuminate\\Foundation\\Support\\Providers\\RouteServiceProvider->loadRoutes()
#12 /home/kelvin/HNG-5/CODE-TESTS/kidstories/app/Providers/RouteServiceProvider.php(39): Illuminate\\Foundation\\Support\\Providers\\RouteServiceProvider->boot()
#13 [internal function]: App\\Providers\\RouteServiceProvider->boot()
#14 /home/kelvin/HNG-5/CODE-TESTS/kidstories/vendor/laravel/framework/src/Illuminate/Container/BoundMethod.php(32): call_user_func_array(Array, Array)
#15 /home/kelvin/HNG-5/CODE-TESTS/kidstories/vendor/laravel/framework/src/Illuminate/Container/BoundMethod.php(90): Illuminate\\Container\\BoundMethod::Illuminate\\Container\\{closure}()
#16 /home/kelvin/HNG-5/CODE-TESTS/kidstories/vendor/laravel/framework/src/Illuminate/Container/BoundMethod.php(34): Illuminate\\Container\\BoundMethod::callBoundMethod(Object(Illuminate\\Foundation\\Application), Array, Object(Closure))
#17 /home/kelvin/HNG-5/CODE-TESTS/kidstories/vendor/laravel/framework/src/Illuminate/Container/Container.php(576): Illuminate\\Container\\BoundMethod::call(Object(Illuminate\\Foundation\\Application), Array, Array, NULL)
#18 /home/kelvin/HNG-5/CODE-TESTS/kidstories/vendor/laravel/framework/src/Illuminate/Foundation/Application.php(817): Illuminate\\Container\\Container->call(Array)
#19 /home/kelvin/HNG-5/CODE-TESTS/kidstories/vendor/laravel/framework/src/Illuminate/Foundation/Application.php(800): Illuminate\\Foundation\\Application->bootProvider(Object(App\\Providers\\RouteServiceProvider))
#20 [internal function]: Illuminate\\Foundation\\Application->Illuminate\\Foundation\\{closure}(Object(App\\Providers\\RouteServiceProvider), 22)
#21 /home/kelvin/HNG-5/CODE-TESTS/kidstories/vendor/laravel/framework/src/Illuminate/Foundation/Application.php(801): array_walk(Array, Object(Closure))
#22 /home/kelvin/HNG-5/CODE-TESTS/kidstories/vendor/laravel/framework/src/Illuminate/Foundation/Bootstrap/BootProviders.php(17): Illuminate\\Foundation\\Application->boot()
#23 /home/kelvin/HNG-5/CODE-TESTS/kidstories/vendor/laravel/framework/src/Illuminate/Foundation/Application.php(210): Illuminate\\Foundation\\Bootstrap\\BootProviders->bootstrap(Object(Illuminate\\Foundation\\Application))
#24 /home/kelvin/HNG-5/CODE-TESTS/kidstories/vendor/laravel/framework/src/Illuminate/Foundation/Http/Kernel.php(162): Illuminate\\Foundation\\Application->bootstrapWith(Array)
#25 /home/kelvin/HNG-5/CODE-TESTS/kidstories/vendor/laravel/framework/src/Illuminate/Foundation/Http/Kernel.php(146): Illuminate\\Foundation\\Http\\Kernel->bootstrap()
#26 /home/kelvin/HNG-5/CODE-TESTS/kidstories/vendor/laravel/framework/src/Illuminate/Foundation/Http/Kernel.php(116): Illuminate\\Foundation\\Http\\Kernel->sendRequestThroughRouter(Object(Illuminate\\Http\\Request))
#27 /home/kelvin/HNG-5/CODE-TESTS/kidstories/public/index.php(55): Illuminate\\Foundation\\Http\\Kernel->handle(Object(Illuminate\\Http\\Request))
#28 /home/kelvin/HNG-5/CODE-TESTS/kidstories/server.php(21): require_once('/home/kelvin/HN...')
#29 {main}
"} 
[2019-04-27 09:16:49] local.ERROR: syntax error, unexpected 'Route' (T_STRING) {"exception":"[object] (Symfony\\Component\\Debug\\Exception\\FatalThrowableError(code: 0): syntax error, unexpected 'Route' (T_STRING) at /home/kelvin/HNG-5/CODE-TESTS/kidstories/routes/api.php:10)
[stacktrace]
#0 /home/kelvin/HNG-5/CODE-TESTS/kidstories/vendor/laravel/framework/src/Illuminate/Routing/Router.php(415): Illuminate\\Routing\\RouteFileRegistrar->register('/home/kelvin/HN...')
#1 /home/kelvin/HNG-5/CODE-TESTS/kidstories/vendor/laravel/framework/src/Illuminate/Routing/Router.php(373): Illuminate\\Routing\\Router->loadRoutes('/home/kelvin/HN...')
#2 /home/kelvin/HNG-5/CODE-TESTS/kidstories/vendor/laravel/framework/src/Illuminate/Routing/RouteRegistrar.php(121): Illuminate\\Routing\\Router->group(Array, '/home/kelvin/HN...')
#3 /home/kelvin/HNG-5/CODE-TESTS/kidstories/app/Providers/RouteServiceProvider.php(82): Illuminate\\Routing\\RouteRegistrar->group('/home/kelvin/HN...')
#4 /home/kelvin/HNG-5/CODE-TESTS/kidstories/app/Providers/RouteServiceProvider.php(49): App\\Providers\\RouteServiceProvider->mapApiRoutes()
#5 [internal function]: App\\Providers\\RouteServiceProvider->map()
#6 /home/kelvin/HNG-5/CODE-TESTS/kidstories/vendor/laravel/framework/src/Illuminate/Container/BoundMethod.php(32): call_user_func_array(Array, Array)
#7 /home/kelvin/HNG-5/CODE-TESTS/kidstories/vendor/laravel/framework/src/Illuminate/Container/BoundMethod.php(90): Illuminate\\Container\\BoundMethod::Illuminate\\Container\\{closure}()
#8 /home/kelvin/HNG-5/CODE-TESTS/kidstories/vendor/laravel/framework/src/Illuminate/Container/BoundMethod.php(34): Illuminate\\Container\\BoundMethod::callBoundMethod(Object(Illuminate\\Foundation\\Application), Array, Object(Closure))
#9 /home/kelvin/HNG-5/CODE-TESTS/kidstories/vendor/laravel/framework/src/Illuminate/Container/Container.php(576): Illuminate\\Container\\BoundMethod::call(Object(Illuminate\\Foundation\\Application), Array, Array, NULL)
#10 /home/kelvin/HNG-5/CODE-TESTS/kidstories/vendor/laravel/framework/src/Illuminate/Foundation/Support/Providers/RouteServiceProvider.php(87): Illuminate\\Container\\Container->call(Array)
#11 /home/kelvin/HNG-5/CODE-TESTS/kidstories/vendor/laravel/framework/src/Illuminate/Foundation/Support/Providers/RouteServiceProvider.php(36): Illuminate\\Foundation\\Support\\Providers\\RouteServiceProvider->loadRoutes()
#12 /home/kelvin/HNG-5/CODE-TESTS/kidstories/app/Providers/RouteServiceProvider.php(39): Illuminate\\Foundation\\Support\\Providers\\RouteServiceProvider->boot()
#13 [internal function]: App\\Providers\\RouteServiceProvider->boot()
#14 /home/kelvin/HNG-5/CODE-TESTS/kidstories/vendor/laravel/framework/src/Illuminate/Container/BoundMethod.php(32): call_user_func_array(Array, Array)
#15 /home/kelvin/HNG-5/CODE-TESTS/kidstories/vendor/laravel/framework/src/Illuminate/Container/BoundMethod.php(90): Illuminate\\Container\\BoundMethod::Illuminate\\Container\\{closure}()
#16 /home/kelvin/HNG-5/CODE-TESTS/kidstories/vendor/laravel/framework/src/Illuminate/Container/BoundMethod.php(34): Illuminate\\Container\\BoundMethod::callBoundMethod(Object(Illuminate\\Foundation\\Application), Array, Object(Closure))
#17 /home/kelvin/HNG-5/CODE-TESTS/kidstories/vendor/laravel/framework/src/Illuminate/Container/Container.php(576): Illuminate\\Container\\BoundMethod::call(Object(Illuminate\\Foundation\\Application), Array, Array, NULL)
#18 /home/kelvin/HNG-5/CODE-TESTS/kidstories/vendor/laravel/framework/src/Illuminate/Foundation/Application.php(817): Illuminate\\Container\\Container->call(Array)
#19 /home/kelvin/HNG-5/CODE-TESTS/kidstories/vendor/laravel/framework/src/Illuminate/Foundation/Application.php(800): Illuminate\\Foundation\\Application->bootProvider(Object(App\\Providers\\RouteServiceProvider))
#20 [internal function]: Illuminate\\Foundation\\Application->Illuminate\\Foundation\\{closure}(Object(App\\Providers\\RouteServiceProvider), 22)
#21 /home/kelvin/HNG-5/CODE-TESTS/kidstories/vendor/laravel/framework/src/Illuminate/Foundation/Application.php(801): array_walk(Array, Object(Closure))
#22 /home/kelvin/HNG-5/CODE-TESTS/kidstories/vendor/laravel/framework/src/Illuminate/Foundation/Bootstrap/BootProviders.php(17): Illuminate\\Foundation\\Application->boot()
#23 /home/kelvin/HNG-5/CODE-TESTS/kidstories/vendor/laravel/framework/src/Illuminate/Foundation/Application.php(210): Illuminate\\Foundation\\Bootstrap\\BootProviders->bootstrap(Object(Illuminate\\Foundation\\Application))
#24 /home/kelvin/HNG-5/CODE-TESTS/kidstories/vendor/laravel/framework/src/Illuminate/Foundation/Http/Kernel.php(162): Illuminate\\Foundation\\Application->bootstrapWith(Array)
#25 /home/kelvin/HNG-5/CODE-TESTS/kidstories/vendor/laravel/framework/src/Illuminate/Foundation/Http/Kernel.php(146): Illuminate\\Foundation\\Http\\Kernel->bootstrap()
#26 /home/kelvin/HNG-5/CODE-TESTS/kidstories/vendor/laravel/framework/src/Illuminate/Foundation/Http/Kernel.php(116): Illuminate\\Foundation\\Http\\Kernel->sendRequestThroughRouter(Object(Illuminate\\Http\\Request))
#27 /home/kelvin/HNG-5/CODE-TESTS/kidstories/public/index.php(55): Illuminate\\Foundation\\Http\\Kernel->handle(Object(Illuminate\\Http\\Request))
#28 /home/kelvin/HNG-5/CODE-TESTS/kidstories/server.php(21): require_once('/home/kelvin/HN...')
#29 {main}
"} 
[2019-04-27 09:18:18] local.ERROR: syntax error, unexpected '', "UserController@register");' (T_CONSTANT_ENCAPSED_STRING), expecting ';' {"exception":"[object] (Symfony\\Component\\Debug\\Exception\\FatalThrowableError(code: 0): syntax error, unexpected '', \"UserController@register\");' (T_CONSTANT_ENCAPSED_STRING), expecting ';' at /home/kelvin/HNG-5/CODE-TESTS/kidstories/routes/api.php:12)
[stacktrace]
#0 /home/kelvin/HNG-5/CODE-TESTS/kidstories/vendor/laravel/framework/src/Illuminate/Routing/Router.php(415): Illuminate\\Routing\\RouteFileRegistrar->register('/home/kelvin/HN...')
#1 /home/kelvin/HNG-5/CODE-TESTS/kidstories/vendor/laravel/framework/src/Illuminate/Routing/Router.php(373): Illuminate\\Routing\\Router->loadRoutes('/home/kelvin/HN...')
#2 /home/kelvin/HNG-5/CODE-TESTS/kidstories/vendor/laravel/framework/src/Illuminate/Routing/RouteRegistrar.php(121): Illuminate\\Routing\\Router->group(Array, '/home/kelvin/HN...')
#3 /home/kelvin/HNG-5/CODE-TESTS/kidstories/app/Providers/RouteServiceProvider.php(82): Illuminate\\Routing\\RouteRegistrar->group('/home/kelvin/HN...')
#4 /home/kelvin/HNG-5/CODE-TESTS/kidstories/app/Providers/RouteServiceProvider.php(49): App\\Providers\\RouteServiceProvider->mapApiRoutes()
#5 [internal function]: App\\Providers\\RouteServiceProvider->map()
#6 /home/kelvin/HNG-5/CODE-TESTS/kidstories/vendor/laravel/framework/src/Illuminate/Container/BoundMethod.php(32): call_user_func_array(Array, Array)
#7 /home/kelvin/HNG-5/CODE-TESTS/kidstories/vendor/laravel/framework/src/Illuminate/Container/BoundMethod.php(90): Illuminate\\Container\\BoundMethod::Illuminate\\Container\\{closure}()
#8 /home/kelvin/HNG-5/CODE-TESTS/kidstories/vendor/laravel/framework/src/Illuminate/Container/BoundMethod.php(34): Illuminate\\Container\\BoundMethod::callBoundMethod(Object(Illuminate\\Foundation\\Application), Array, Object(Closure))
#9 /home/kelvin/HNG-5/CODE-TESTS/kidstories/vendor/laravel/framework/src/Illuminate/Container/Container.php(576): Illuminate\\Container\\BoundMethod::call(Object(Illuminate\\Foundation\\Application), Array, Array, NULL)
#10 /home/kelvin/HNG-5/CODE-TESTS/kidstories/vendor/laravel/framework/src/Illuminate/Foundation/Support/Providers/RouteServiceProvider.php(87): Illuminate\\Container\\Container->call(Array)
#11 /home/kelvin/HNG-5/CODE-TESTS/kidstories/vendor/laravel/framework/src/Illuminate/Foundation/Support/Providers/RouteServiceProvider.php(36): Illuminate\\Foundation\\Support\\Providers\\RouteServiceProvider->loadRoutes()
#12 /home/kelvin/HNG-5/CODE-TESTS/kidstories/app/Providers/RouteServiceProvider.php(39): Illuminate\\Foundation\\Support\\Providers\\RouteServiceProvider->boot()
#13 [internal function]: App\\Providers\\RouteServiceProvider->boot()
#14 /home/kelvin/HNG-5/CODE-TESTS/kidstories/vendor/laravel/framework/src/Illuminate/Container/BoundMethod.php(32): call_user_func_array(Array, Array)
#15 /home/kelvin/HNG-5/CODE-TESTS/kidstories/vendor/laravel/framework/src/Illuminate/Container/BoundMethod.php(90): Illuminate\\Container\\BoundMethod::Illuminate\\Container\\{closure}()
#16 /home/kelvin/HNG-5/CODE-TESTS/kidstories/vendor/laravel/framework/src/Illuminate/Container/BoundMethod.php(34): Illuminate\\Container\\BoundMethod::callBoundMethod(Object(Illuminate\\Foundation\\Application), Array, Object(Closure))
#17 /home/kelvin/HNG-5/CODE-TESTS/kidstories/vendor/laravel/framework/src/Illuminate/Container/Container.php(576): Illuminate\\Container\\BoundMethod::call(Object(Illuminate\\Foundation\\Application), Array, Array, NULL)
#18 /home/kelvin/HNG-5/CODE-TESTS/kidstories/vendor/laravel/framework/src/Illuminate/Foundation/Application.php(817): Illuminate\\Container\\Container->call(Array)
#19 /home/kelvin/HNG-5/CODE-TESTS/kidstories/vendor/laravel/framework/src/Illuminate/Foundation/Application.php(800): Illuminate\\Foundation\\Application->bootProvider(Object(App\\Providers\\RouteServiceProvider))
#20 [internal function]: Illuminate\\Foundation\\Application->Illuminate\\Foundation\\{closure}(Object(App\\Providers\\RouteServiceProvider), 22)
#21 /home/kelvin/HNG-5/CODE-TESTS/kidstories/vendor/laravel/framework/src/Illuminate/Foundation/Application.php(801): array_walk(Array, Object(Closure))
#22 /home/kelvin/HNG-5/CODE-TESTS/kidstories/vendor/laravel/framework/src/Illuminate/Foundation/Bootstrap/BootProviders.php(17): Illuminate\\Foundation\\Application->boot()
#23 /home/kelvin/HNG-5/CODE-TESTS/kidstories/vendor/laravel/framework/src/Illuminate/Foundation/Application.php(210): Illuminate\\Foundation\\Bootstrap\\BootProviders->bootstrap(Object(Illuminate\\Foundation\\Application))
#24 /home/kelvin/HNG-5/CODE-TESTS/kidstories/vendor/laravel/framework/src/Illuminate/Foundation/Http/Kernel.php(162): Illuminate\\Foundation\\Application->bootstrapWith(Array)
#25 /home/kelvin/HNG-5/CODE-TESTS/kidstories/vendor/laravel/framework/src/Illuminate/Foundation/Http/Kernel.php(146): Illuminate\\Foundation\\Http\\Kernel->bootstrap()
#26 /home/kelvin/HNG-5/CODE-TESTS/kidstories/vendor/laravel/framework/src/Illuminate/Foundation/Http/Kernel.php(116): Illuminate\\Foundation\\Http\\Kernel->sendRequestThroughRouter(Object(Illuminate\\Http\\Request))
#27 /home/kelvin/HNG-5/CODE-TESTS/kidstories/public/index.php(55): Illuminate\\Foundation\\Http\\Kernel->handle(Object(Illuminate\\Http\\Request))
#28 /home/kelvin/HNG-5/CODE-TESTS/kidstories/server.php(21): require_once('/home/kelvin/HN...')
#29 {main}
"} 
